2022-02-10T09:35:57.440+0800	[34mINFO[0m	engine/engine.go:402	=====> 初始化数据库连接
2022-02-10T09:36:40.637+0800	[34mINFO[0m	engine/engine.go:402	=====> 初始化数据库连接
2022-02-10T09:38:15.006+0800	[34mINFO[0m	engine/engine.go:402	=====> 初始化数据库连接
2022-02-10T09:38:15.338+0800	[34mINFO[0m	engine/engine.go:402	=====> 初始化配置
2022-02-10T09:38:24.300+0800	[34mINFO[0m	engine/engine.go:402	=====> 初始化导航栏按钮
2022-02-10T09:38:24.302+0800	[34mINFO[0m	engine/engine.go:402	=====> 初始化插件
2022-02-10T09:38:24.303+0800	[34mINFO[0m	engine/engine.go:402	=====> 初始化成功🍺🍺
2022-02-10T10:05:15.313+0800	[34mINFO[0m	engine/engine.go:402	=====> 初始化数据库连接
2022-02-10T10:05:15.606+0800	[34mINFO[0m	engine/engine.go:402	=====> 初始化配置
2022-02-10T10:05:15.717+0800	[34mINFO[0m	engine/engine.go:402	=====> 初始化导航栏按钮
2022-02-10T10:05:15.718+0800	[34mINFO[0m	engine/engine.go:402	=====> 初始化插件
2022-02-10T10:05:15.718+0800	[34mINFO[0m	engine/engine.go:402	=====> 初始化成功🍺🍺
2022-02-10T10:07:17.839+0800	[34mINFO[0m	engine/engine.go:402	=====> 初始化数据库连接
2022-02-10T10:07:18.171+0800	[34mINFO[0m	engine/engine.go:402	=====> 初始化配置
2022-02-10T10:07:18.301+0800	[34mINFO[0m	engine/engine.go:402	=====> 初始化导航栏按钮
2022-02-10T10:07:18.302+0800	[34mINFO[0m	engine/engine.go:402	=====> 初始化插件
2022-02-10T10:07:18.303+0800	[34mINFO[0m	engine/engine.go:402	=====> 初始化成功🍺🍺
2022-02-10T10:54:13.040+0800	[34mINFO[0m	engine/engine.go:402	=====> 初始化数据库连接
2022-02-10T10:54:13.378+0800	[34mINFO[0m	engine/engine.go:402	=====> 初始化配置
2022-02-10T10:54:13.506+0800	[34mINFO[0m	engine/engine.go:402	=====> 初始化导航栏按钮
2022-02-10T10:54:13.507+0800	[34mINFO[0m	engine/engine.go:402	=====> 初始化插件
2022-02-10T10:54:13.507+0800	[34mINFO[0m	engine/engine.go:402	=====> 初始化成功🍺🍺
2022-02-10T10:56:04.790+0800	[34mINFO[0m	engine/engine.go:402	=====> 初始化数据库连接
2022-02-10T10:56:05.091+0800	[34mINFO[0m	engine/engine.go:402	=====> 初始化配置
2022-02-10T10:56:05.203+0800	[34mINFO[0m	engine/engine.go:402	=====> 初始化导航栏按钮
2022-02-10T10:56:05.204+0800	[34mINFO[0m	engine/engine.go:402	=====> 初始化插件
2022-02-10T10:56:05.204+0800	[34mINFO[0m	engine/engine.go:402	=====> 初始化成功🍺🍺
2022-02-10T10:56:24.768+0800	[34mINFO[0m	engine/engine.go:402	=====> 初始化数据库连接
2022-02-10T10:56:25.066+0800	[34mINFO[0m	engine/engine.go:402	=====> 初始化配置
2022-02-10T10:56:25.179+0800	[34mINFO[0m	engine/engine.go:402	=====> 初始化导航栏按钮
2022-02-10T10:56:25.179+0800	[34mINFO[0m	engine/engine.go:402	=====> 初始化插件
2022-02-10T10:56:25.179+0800	[34mINFO[0m	engine/engine.go:402	=====> 初始化成功🍺🍺
2022-02-10T10:59:40.321+0800	[34mINFO[0m	engine/engine.go:402	=====> 初始化数据库连接
2022-02-10T10:59:40.638+0800	[34mINFO[0m	engine/engine.go:402	=====> 初始化配置
2022-02-10T10:59:40.758+0800	[34mINFO[0m	engine/engine.go:402	=====> 初始化导航栏按钮
2022-02-10T10:59:40.759+0800	[34mINFO[0m	engine/engine.go:402	=====> 初始化插件
2022-02-10T10:59:40.759+0800	[34mINFO[0m	engine/engine.go:402	=====> 初始化成功🍺🍺
2022-02-10T11:00:36.129+0800	[34mINFO[0m	engine/engine.go:402	=====> 初始化数据库连接
2022-02-10T11:00:36.469+0800	[34mINFO[0m	engine/engine.go:402	=====> 初始化配置
2022-02-10T11:00:36.597+0800	[34mINFO[0m	engine/engine.go:402	=====> 初始化导航栏按钮
2022-02-10T11:00:36.598+0800	[34mINFO[0m	engine/engine.go:402	=====> 初始化插件
2022-02-10T11:00:36.598+0800	[34mINFO[0m	engine/engine.go:402	=====> 初始化成功🍺🍺
